e:\c++ projekt\kandidatarbete\thesisproject\c++ api\x64\release\vc142.pdb
e:\c++ projekt\kandidatarbete\thesisproject\c++ api\x64\release\mayarun.obj
e:\c++ projekt\custom format\c++ api\x64\release\vc142.pdb
e:\c++ projekt\custom format\c++ api\x64\release\mayarun.obj
e:\autodesk\maya2022\bin\plug-ins\mayaapi.mll
e:\c++ projekt\kandidatarbete\thesisproject\c++ api\x64\release\mayaapi.iobj
e:\c++ projekt\kandidatarbete\thesisproject\c++ api\x64\release\mayaapi.pdb
e:\c++ projekt\custom format\c++ api\x64\release\mayaapi.mll
e:\c++ projekt\custom format\c++ api\x64\release\mayaapi.pdb
e:\c++ projekt\kandidatarbete\thesisproject\c++ api\x64\release\mayaapi.lib
e:\c++ projekt\kandidatarbete\thesisproject\c++ api\x64\release\mayaapi.exp
e:\c++ projekt\custom format\c++ api\x64\release\mayaapi.lib
e:\c++ projekt\custom format\c++ api\x64\release\mayaapi.exp
e:\c++ projekt\custom format\c++ api\x64\release\mayaapi.iobj
e:\c++ projekt\custom format\c++ api\x64\release\mayaapi.tlog\cl.command.1.tlog
e:\c++ projekt\custom format\c++ api\x64\release\mayaapi.tlog\cl.read.1.tlog
e:\c++ projekt\custom format\c++ api\x64\release\mayaapi.tlog\cl.write.1.tlog
e:\c++ projekt\custom format\c++ api\x64\release\mayaapi.tlog\link.command.1.tlog
e:\c++ projekt\custom format\c++ api\x64\release\mayaapi.tlog\link.read.1.tlog
e:\c++ projekt\custom format\c++ api\x64\release\mayaapi.tlog\link.write.1.tlog
e:\c++ projekt\custom format\c++ api\x64\release\mayaapi.tlog\mayaapi.write.1u.tlog
